<?xml version="1.0" encoding="UTF-8"?>
<!-- Generated by org.testng.reporters.JUnitReportReporter -->
<testsuite skipped="0" hostname="DESKTOP-0BI19M9" name="com.mortgage.calculator.MorgtageCalculator" tests="1" failures="0" timestamp="19 Nov 2017 20:46:11 GMT" time="44.651" errors="0">
  <testcase name="mortgageCalculator_Test" time="44.651" classname="com.mortgage.calculator.MorgtageCalculator"/>
</testsuite> <!-- com.mortgage.calculator.MorgtageCalculator -->
